# JRE version: OpenJDK Runtime Environment (8.0_242-b01) (build 1.8.0_242-release-1644-b01)
# Java VM: OpenJDK 64-Bit Server VM (25.242-b01 mixed mode windows-amd64 compressed oops)
Heap:
 PSYoungGen      total 620544K, used 105523K [0x00000000d5580000, 0x0000000100000000, 0x0000000100000000)
  eden space 542208K, 19% used [0x00000000d5580000,0x00000000dbc8cc50,0x00000000f6700000)
  from space 78336K, 0% used [0x00000000f6700000,0x00000000f6700000,0x00000000fb380000)
  to   space 77312K, 0% used [0x00000000fb480000,0x00000000fb480000,0x0000000100000000)
 ParOldGen       total 373760K, used 86176K [0x0000000080000000, 0x0000000096d00000, 0x00000000d5580000)
  object space 373760K, 23% used [0x0000000080000000,0x00000000854282c0,0x0000000096d00000)
 Metaspace       used 158323K, capacity 163744K, committed 164824K, reserved 1193984K
  class space    used 19704K, capacity 20787K, committed 20992K, reserved 1048576K
GC Heap History (10 events):
Event: 3440.497 GC heap before
{Heap before GC invocations=20 (full 4):
 PSYoungGen      total 639488K, used 638428K [0x00000000d5580000, 0x0000000100000000, 0x0000000100000000)
  eden space 600064K, 100% used [0x00000000d5580000,0x00000000f9f80000,0x00000000f9f80000)
  from space 39424K, 97% used [0x00000000f9f80000,0x00000000fc4f70b0,0x00000000fc600000)
  to   space 45056K, 0% used [0x00000000fd400000,0x00000000fd400000,0x0000000100000000)
 ParOldGen       total 282112K, used 79203K [0x0000000080000000, 0x0000000091380000, 0x00000000d5580000)
  object space 282112K, 28% used [0x0000000080000000,0x0000000084d58ea0,0x0000000091380000)
 Metaspace       used 134980K, capacity 140498K, committed 140760K, reserved 1171456K
  class space    used 16941K, capacity 18051K, committed 18176K, reserved 1048576K
Event: 3440.524 GC heap after
Heap after GC invocations=20 (full 4):
 PSYoungGen      total 631296K, used 45046K [0x00000000d5580000, 0x0000000100000000, 0x0000000100000000)
  eden space 586240K, 0% used [0x00000000d5580000,0x00000000d5580000,0x00000000f9200000)
  from space 45056K, 99% used [0x00000000fd400000,0x00000000ffffda90,0x0000000100000000)
  to   space 56320K, 0% used [0x00000000f9200000,0x00000000f9200000,0x00000000fc900000)
 ParOldGen       total 282112K, used 90609K [0x0000000080000000, 0x0000000091380000, 0x00000000d5580000)
  object space 282112K, 32% used [0x0000000080000000,0x000000008587c628,0x0000000091380000)
 Metaspace       used 134980K, capacity 140498K, committed 140760K, reserved 1171456K
  class space    used 16941K, capacity 18051K, committed 18176K, reserved 1048576K
}
Event: 3468.994 GC heap before
{Heap before GC invocations=21 (full 4):
 PSYoungGen      total 631296K, used 631286K [0x00000000d5580000, 0x0000000100000000, 0x0000000100000000)
  eden space 586240K, 100% used [0x00000000d5580000,0x00000000f9200000,0x00000000f9200000)
  from space 45056K, 99% used [0x00000000fd400000,0x00000000ffffda90,0x0000000100000000)
  to   space 56320K, 0% used [0x00000000f9200000,0x00000000f9200000,0x00000000fc900000)
 ParOldGen       total 282112K, used 90609K [0x0000000080000000, 0x0000000091380000, 0x00000000d5580000)
  object space 282112K, 32% used [0x0000000080000000,0x000000008587c628,0x0000000091380000)
 Metaspace       used 142854K, capacity 148452K, committed 148568K, reserved 1179648K
  class space    used 17919K, capacity 19036K, committed 19072K, reserved 1048576K
Event: 3469.022 GC heap after
Heap after GC invocations=21 (full 4):
 PSYoungGen      total 642560K, used 56298K [0x00000000d5580000, 0x0000000100000000, 0x0000000100000000)
  eden space 586240K, 0% used [0x00000000d5580000,0x00000000d5580000,0x00000000f9200000)
  from space 56320K, 99% used [0x00000000f9200000,0x00000000fc8fa9a0,0x00000000fc900000)
  to   space 56320K, 0% used [0x00000000fc900000,0x00000000fc900000,0x0000000100000000)
 ParOldGen       total 282112K, used 112618K [0x0000000080000000, 0x0000000091380000, 0x00000000d5580000)
  object space 282112K, 39% used [0x0000000080000000,0x0000000086dfaa50,0x0000000091380000)
 Metaspace       used 142854K, capacity 148452K, committed 148568K, reserved 1179648K
  class space    used 17919K, capacity 19036K, committed 19072K, reserved 1048576K
}
Event: 3470.780 GC heap before
{Heap before GC invocations=22 (full 4):
 PSYoungGen      total 642560K, used 642538K [0x00000000d5580000, 0x0000000100000000, 0x0000000100000000)
  eden space 586240K, 100% used [0x00000000d5580000,0x00000000f9200000,0x00000000f9200000)
  from space 56320K, 99% used [0x00000000f9200000,0x00000000fc8fa9a0,0x00000000fc900000)
  to   space 56320K, 0% used [0x00000000fc900000,0x00000000fc900000,0x0000000100000000)
 ParOldGen       total 282112K, used 112618K [0x0000000080000000, 0x0000000091380000, 0x00000000d5580000)
  object space 282112K, 39% used [0x0000000080000000,0x0000000086dfaa50,0x0000000091380000)
 Metaspace       used 157341K, capacity 162992K, committed 163416K, reserved 1191936K
  class space    used 19616K, capacity 20756K, committed 20864K, reserved 1048576K
Event: 3470.814 GC heap after
Heap after GC invocations=22 (full 4):
 PSYoungGen      total 598528K, used 54255K [0x00000000d5580000, 0x0000000100000000, 0x0000000100000000)
  eden space 542208K, 0% used [0x00000000d5580000,0x00000000d5580000,0x00000000f6700000)
  from space 56320K, 96% used [0x00000000fc900000,0x00000000ffdfbd18,0x0000000100000000)
  to   space 78336K, 0% used [0x00000000f6700000,0x00000000f6700000,0x00000000fb380000)
 ParOldGen       total 282112K, used 158713K [0x0000000080000000, 0x0000000091380000, 0x00000000d5580000)
  object space 282112K, 56% used [0x0000000080000000,0x0000000089afe528,0x0000000091380000)
 Metaspace       used 157341K, capacity 162992K, committed 163416K, reserved 1191936K
  class space    used 19616K, capacity 20756K, committed 20864K, reserved 1048576K
}
Event: 3477.500 GC heap before
{Heap before GC invocations=23 (full 4):
 PSYoungGen      total 598528K, used 150764K [0x00000000d5580000, 0x0000000100000000, 0x0000000100000000)
  eden space 542208K, 17% used [0x00000000d5580000,0x00000000db3bf6b8,0x00000000f6700000)
  from space 56320K, 96% used [0x00000000fc900000,0x00000000ffdfbd18,0x0000000100000000)
  to   space 78336K, 0% used [0x00000000f6700000,0x00000000f6700000,0x00000000fb380000)
 ParOldGen       total 282112K, used 158713K [0x0000000080000000, 0x0000000091380000, 0x00000000d5580000)
  object space 282112K, 56% used [0x0000000080000000,0x0000000089afe528,0x0000000091380000)
 Metaspace       used 158046K, capacity 163770K, committed 163776K, reserved 1191936K
  class space    used 19719K, capacity 20861K, committed 20864K, reserved 1048576K
Event: 3477.506 GC heap after
Heap after GC invocations=23 (full 4):
 PSYoungGen      total 620544K, used 8266K [0x00000000d5580000, 0x0000000100000000, 0x0000000100000000)
  eden space 542208K, 0% used [0x00000000d5580000,0x00000000d5580000,0x00000000f6700000)
  from space 78336K, 10% used [0x00000000f6700000,0x00000000f6f12a10,0x00000000fb380000)
  to   space 77312K, 0% used [0x00000000fb480000,0x00000000fb480000,0x0000000100000000)
 ParOldGen       total 282112K, used 158721K [0x0000000080000000, 0x0000000091380000, 0x00000000d5580000)
  object space 282112K, 56% used [0x0000000080000000,0x0000000089b00528,0x0000000091380000)
 Metaspace       used 158046K, capacity 163770K, committed 163776K, reserved 1191936K
  class space    used 19719K, capacity 20861K, committed 20864K, reserved 1048576K
}
Event: 3477.506 GC heap before
{Heap before GC invocations=24 (full 5):
 PSYoungGen      total 620544K, used 8266K [0x00000000d5580000, 0x0000000100000000, 0x0000000100000000)
  eden space 542208K, 0% used [0x00000000d5580000,0x00000000d5580000,0x00000000f6700000)
  from space 78336K, 10% used [0x00000000f6700000,0x00000000f6f12a10,0x00000000fb380000)
  to   space 77312K, 0% used [0x00000000fb480000,0x00000000fb480000,0x0000000100000000)
 ParOldGen       total 282112K, used 158721K [0x0000000080000000, 0x0000000091380000, 0x00000000d5580000)
  object space 282112K, 56% used [0x0000000080000000,0x0000000089b00528,0x0000000091380000)
 Metaspace       used 158046K, capacity 163770K, committed 163776K, reserved 1191936K
  class space    used 19719K, capacity 20861K, committed 20864K, reserved 1048576K
Event: 3477.771 GC heap after
Heap after GC invocations=24 (full 5):
 PSYoungGen      total 620544K, used 0K [0x00000000d5580000, 0x0000000100000000, 0x0000000100000000)
  eden space 542208K, 0% used [0x00000000d5580000,0x00000000d5580000,0x00000000f6700000)
  from space 78336K, 0% used [0x00000000f6700000,0x00000000f6700000,0x00000000fb380000)
  to   space 77312K, 0% used [0x00000000fb480000,0x00000000fb480000,0x0000000100000000)
 ParOldGen       total 373760K, used 86176K [0x0000000080000000, 0x0000000096d00000, 0x00000000d5580000)
  object space 373760K, 23% used [0x0000000080000000,0x00000000854282c0,0x0000000096d00000)
 Metaspace       used 157276K, capacity 162500K, committed 163776K, reserved 1191936K
  class space    used 19576K, capacity 20602K, committed 20864K, reserved 1048576K
}

