# JRE version: OpenJDK Runtime Environment (8.0_242-b01) (build 1.8.0_242-release-1644-b01)
# Java VM: OpenJDK 64-Bit Server VM (25.242-b01 mixed mode windows-amd64 compressed oops)
Heap:
 PSYoungGen      total 191488K, used 46004K [0x000000076b780000, 0x000000077f300000, 0x00000007c0000000)
  eden space 180736K, 19% used [0x000000076b780000,0x000000076d9f2ea0,0x0000000776800000)
  from space 10752K, 99% used [0x0000000776800000,0x000000077727a550,0x0000000777280000)
  to   space 45056K, 0% used [0x000000077c700000,0x000000077c700000,0x000000077f300000)
 ParOldGen       total 213504K, used 75896K [0x00000006c2600000, 0x00000006cf680000, 0x000000076b780000)
  object space 213504K, 35% used [0x00000006c2600000,0x00000006c701e2e8,0x00000006cf680000)
 Metaspace       used 56718K, capacity 57826K, committed 58024K, reserved 1099776K
  class space    used 6948K, capacity 7262K, committed 7344K, reserved 1048576K
GC Heap History (10 events):
Event: 1.070 GC heap before
{Heap before GC invocations=3 (full 1):
 PSYoungGen      total 140800K, used 10402K [0x000000076b780000, 0x0000000774b80000, 0x00000007c0000000)
  eden space 130048K, 0% used [0x000000076b780000,0x000000076b780000,0x0000000773680000)
  from space 10752K, 96% used [0x0000000774100000,0x0000000774b28a88,0x0000000774b80000)
  to   space 10752K, 0% used [0x0000000773680000,0x0000000773680000,0x0000000774100000)
 ParOldGen       total 173568K, used 4148K [0x00000006c2600000, 0x00000006ccf80000, 0x000000076b780000)
  object space 173568K, 2% used [0x00000006c2600000,0x00000006c2a0d060,0x00000006ccf80000)
 Metaspace       used 20813K, capacity 21212K, committed 21296K, reserved 1069056K
  class space    used 2443K, capacity 2600K, committed 2608K, reserved 1048576K
Event: 1.096 GC heap after
Heap after GC invocations=3 (full 1):
 PSYoungGen      total 140800K, used 0K [0x000000076b780000, 0x0000000774b80000, 0x00000007c0000000)
  eden space 130048K, 0% used [0x000000076b780000,0x000000076b780000,0x0000000773680000)
  from space 10752K, 0% used [0x0000000774100000,0x0000000774100000,0x0000000774b80000)
  to   space 10752K, 0% used [0x0000000773680000,0x0000000773680000,0x0000000774100000)
 ParOldGen       total 118272K, used 10025K [0x00000006c2600000, 0x00000006c9980000, 0x000000076b780000)
  object space 118272K, 8% used [0x00000006c2600000,0x00000006c2fca588,0x00000006c9980000)
 Metaspace       used 20813K, capacity 21212K, committed 21296K, reserved 1069056K
  class space    used 2443K, capacity 2600K, committed 2608K, reserved 1048576K
}
Event: 2.211 GC heap before
{Heap before GC invocations=4 (full 1):
 PSYoungGen      total 140800K, used 99282K [0x000000076b780000, 0x0000000774b80000, 0x00000007c0000000)
  eden space 130048K, 76% used [0x000000076b780000,0x0000000771874b80,0x0000000773680000)
  from space 10752K, 0% used [0x0000000774100000,0x0000000774100000,0x0000000774b80000)
  to   space 10752K, 0% used [0x0000000773680000,0x0000000773680000,0x0000000774100000)
 ParOldGen       total 118272K, used 10025K [0x00000006c2600000, 0x00000006c9980000, 0x000000076b780000)
  object space 118272K, 8% used [0x00000006c2600000,0x00000006c2fca588,0x00000006c9980000)
 Metaspace       used 34789K, capacity 35244K, committed 35496K, reserved 1081344K
  class space    used 4340K, capacity 4483K, committed 4528K, reserved 1048576K
Event: 2.223 GC heap after
Heap after GC invocations=4 (full 1):
 PSYoungGen      total 140800K, used 10721K [0x000000076b780000, 0x0000000777d00000, 0x00000007c0000000)
  eden space 130048K, 0% used [0x000000076b780000,0x000000076b780000,0x0000000773680000)
  from space 10752K, 99% used [0x0000000773680000,0x00000007740f8478,0x0000000774100000)
  to   space 10752K, 0% used [0x0000000777280000,0x0000000777280000,0x0000000777d00000)
 ParOldGen       total 118272K, used 23476K [0x00000006c2600000, 0x00000006c9980000, 0x000000076b780000)
  object space 118272K, 19% used [0x00000006c2600000,0x00000006c3ced3d0,0x00000006c9980000)
 Metaspace       used 34789K, capacity 35244K, committed 35496K, reserved 1081344K
  class space    used 4340K, capacity 4483K, committed 4528K, reserved 1048576K
}
Event: 2.223 GC heap before
{Heap before GC invocations=5 (full 2):
 PSYoungGen      total 140800K, used 10721K [0x000000076b780000, 0x0000000777d00000, 0x00000007c0000000)
  eden space 130048K, 0% used [0x000000076b780000,0x000000076b780000,0x0000000773680000)
  from space 10752K, 99% used [0x0000000773680000,0x00000007740f8478,0x0000000774100000)
  to   space 10752K, 0% used [0x0000000777280000,0x0000000777280000,0x0000000777d00000)
 ParOldGen       total 118272K, used 23476K [0x00000006c2600000, 0x00000006c9980000, 0x000000076b780000)
  object space 118272K, 19% used [0x00000006c2600000,0x00000006c3ced3d0,0x00000006c9980000)
 Metaspace       used 34789K, capacity 35244K, committed 35496K, reserved 1081344K
  class space    used 4340K, capacity 4483K, committed 4528K, reserved 1048576K
Event: 2.256 GC heap after
Heap after GC invocations=5 (full 2):
 PSYoungGen      total 140800K, used 0K [0x000000076b780000, 0x0000000777d00000, 0x00000007c0000000)
  eden space 130048K, 0% used [0x000000076b780000,0x000000076b780000,0x0000000773680000)
  from space 10752K, 0% used [0x0000000773680000,0x0000000773680000,0x0000000774100000)
  to   space 10752K, 0% used [0x0000000777280000,0x0000000777280000,0x0000000777d00000)
 ParOldGen       total 213504K, used 29363K [0x00000006c2600000, 0x00000006cf680000, 0x000000076b780000)
  object space 213504K, 13% used [0x00000006c2600000,0x00000006c42acfb0,0x00000006cf680000)
 Metaspace       used 34789K, capacity 35244K, committed 35496K, reserved 1081344K
  class space    used 4340K, capacity 4483K, committed 4528K, reserved 1048576K
}
Event: 3.545 GC heap before
{Heap before GC invocations=6 (full 2):
 PSYoungGen      total 140800K, used 130048K [0x000000076b780000, 0x0000000777d00000, 0x00000007c0000000)
  eden space 130048K, 100% used [0x000000076b780000,0x0000000773680000,0x0000000773680000)
  from space 10752K, 0% used [0x0000000773680000,0x0000000773680000,0x0000000774100000)
  to   space 10752K, 0% used [0x0000000777280000,0x0000000777280000,0x0000000777d00000)
 ParOldGen       total 213504K, used 29363K [0x00000006c2600000, 0x00000006cf680000, 0x000000076b780000)
  object space 213504K, 13% used [0x00000006c2600000,0x00000006c42acfb0,0x00000006cf680000)
 Metaspace       used 45859K, capacity 46616K, committed 46888K, reserved 1089536K
  class space    used 5646K, capacity 5903K, committed 5936K, reserved 1048576K
Event: 3.557 GC heap after
Heap after GC invocations=6 (full 2):
 PSYoungGen      total 185344K, used 10744K [0x000000076b780000, 0x0000000777d00000, 0x00000007c0000000)
  eden space 174592K, 0% used [0x000000076b780000,0x000000076b780000,0x0000000776200000)
  from space 10752K, 99% used [0x0000000777280000,0x0000000777cfe340,0x0000000777d00000)
  to   space 10752K, 0% used [0x0000000776800000,0x0000000776800000,0x0000000777280000)
 ParOldGen       total 213504K, used 45219K [0x00000006c2600000, 0x00000006cf680000, 0x000000076b780000)
  object space 213504K, 21% used [0x00000006c2600000,0x00000006c5228ed0,0x00000006cf680000)
 Metaspace       used 45859K, capacity 46616K, committed 46888K, reserved 1089536K
  class space    used 5646K, capacity 5903K, committed 5936K, reserved 1048576K
}
Event: 5.576 GC heap before
{Heap before GC invocations=7 (full 2):
 PSYoungGen      total 185344K, used 185336K [0x000000076b780000, 0x0000000777d00000, 0x00000007c0000000)
  eden space 174592K, 100% used [0x000000076b780000,0x0000000776200000,0x0000000776200000)
  from space 10752K, 99% used [0x0000000777280000,0x0000000777cfe340,0x0000000777d00000)
  to   space 10752K, 0% used [0x0000000776800000,0x0000000776800000,0x0000000777280000)
 ParOldGen       total 213504K, used 45219K [0x00000006c2600000, 0x00000006cf680000, 0x000000076b780000)
  object space 213504K, 21% used [0x00000006c2600000,0x00000006c5228ed0,0x00000006cf680000)
 Metaspace       used 54221K, capacity 55214K, committed 55592K, reserved 1097728K
  class space    used 6568K, capacity 6864K, committed 6960K, reserved 1048576K
Event: 5.599 GC heap after
Heap after GC invocations=7 (full 2):
 PSYoungGen      total 191488K, used 10729K [0x000000076b780000, 0x000000077f300000, 0x00000007c0000000)
  eden space 180736K, 0% used [0x000000076b780000,0x000000076b780000,0x0000000776800000)
  from space 10752K, 99% used [0x0000000776800000,0x000000077727a550,0x0000000777280000)
  to   space 45056K, 0% used [0x000000077c700000,0x000000077c700000,0x000000077f300000)
 ParOldGen       total 213504K, used 75896K [0x00000006c2600000, 0x00000006cf680000, 0x000000076b780000)
  object space 213504K, 35% used [0x00000006c2600000,0x00000006c701e2e8,0x00000006cf680000)
 Metaspace       used 54221K, capacity 55214K, committed 55592K, reserved 1097728K
  class space    used 6568K, capacity 6864K, committed 6960K, reserved 1048576K
}

