# JRE version: OpenJDK Runtime Environment (8.0_242-b01) (build 1.8.0_242-release-1644-b01)
# Java VM: OpenJDK 64-Bit Server VM (25.242-b01 mixed mode windows-amd64 compressed oops)
Heap:
 PSYoungGen      total 204800K, used 70826K [0x000000076b780000, 0x0000000780600000, 0x00000007c0000000)
  eden space 194048K, 30% used [0x000000076b780000,0x000000076f22f3f8,0x0000000777500000)
  from space 10752K, 99% used [0x0000000777500000,0x0000000777f7b7b8,0x0000000777f80000)
  to   space 46080K, 0% used [0x000000077d900000,0x000000077d900000,0x0000000780600000)
 ParOldGen       total 196096K, used 77440K [0x00000006c2600000, 0x00000006ce580000, 0x000000076b780000)
  object space 196096K, 39% used [0x00000006c2600000,0x00000006c71a0080,0x00000006ce580000)
 Metaspace       used 57241K, capacity 58382K, committed 58536K, reserved 1099776K
  class space    used 6971K, capacity 7296K, committed 7344K, reserved 1048576K
GC Heap History (10 events):
Event: 1.065 GC heap before
{Heap before GC invocations=3 (full 1):
 PSYoungGen      total 140800K, used 10408K [0x000000076b780000, 0x0000000774b80000, 0x00000007c0000000)
  eden space 130048K, 0% used [0x000000076b780000,0x000000076b780000,0x0000000773680000)
  from space 10752K, 96% used [0x0000000774100000,0x0000000774b2a010,0x0000000774b80000)
  to   space 10752K, 0% used [0x0000000773680000,0x0000000773680000,0x0000000774100000)
 ParOldGen       total 173568K, used 4280K [0x00000006c2600000, 0x00000006ccf80000, 0x000000076b780000)
  object space 173568K, 2% used [0x00000006c2600000,0x00000006c2a2e2f0,0x00000006ccf80000)
 Metaspace       used 20806K, capacity 21212K, committed 21296K, reserved 1069056K
  class space    used 2442K, capacity 2600K, committed 2608K, reserved 1048576K
Event: 1.088 GC heap after
Heap after GC invocations=3 (full 1):
 PSYoungGen      total 140800K, used 0K [0x000000076b780000, 0x0000000774b80000, 0x00000007c0000000)
  eden space 130048K, 0% used [0x000000076b780000,0x000000076b780000,0x0000000773680000)
  from space 10752K, 0% used [0x0000000774100000,0x0000000774100000,0x0000000774b80000)
  to   space 10752K, 0% used [0x0000000773680000,0x0000000773680000,0x0000000774100000)
 ParOldGen       total 111104K, used 10023K [0x00000006c2600000, 0x00000006c9280000, 0x000000076b780000)
  object space 111104K, 9% used [0x00000006c2600000,0x00000006c2fc9d90,0x00000006c9280000)
 Metaspace       used 20806K, capacity 21212K, committed 21296K, reserved 1069056K
  class space    used 2442K, capacity 2600K, committed 2608K, reserved 1048576K
}
Event: 2.118 GC heap before
{Heap before GC invocations=4 (full 1):
 PSYoungGen      total 140800K, used 101866K [0x000000076b780000, 0x0000000774b80000, 0x00000007c0000000)
  eden space 130048K, 78% used [0x000000076b780000,0x0000000771afa9c0,0x0000000773680000)
  from space 10752K, 0% used [0x0000000774100000,0x0000000774100000,0x0000000774b80000)
  to   space 10752K, 0% used [0x0000000773680000,0x0000000773680000,0x0000000774100000)
 ParOldGen       total 111104K, used 10023K [0x00000006c2600000, 0x00000006c9280000, 0x000000076b780000)
  object space 111104K, 9% used [0x00000006c2600000,0x00000006c2fc9d90,0x00000006c9280000)
 Metaspace       used 34757K, capacity 35252K, committed 35496K, reserved 1081344K
  class space    used 4339K, capacity 4483K, committed 4528K, reserved 1048576K
Event: 2.133 GC heap after
Heap after GC invocations=4 (full 1):
 PSYoungGen      total 140800K, used 10743K [0x000000076b780000, 0x0000000778a00000, 0x00000007c0000000)
  eden space 130048K, 0% used [0x000000076b780000,0x000000076b780000,0x0000000773680000)
  from space 10752K, 99% used [0x0000000773680000,0x00000007740fdfb8,0x0000000774100000)
  to   space 10752K, 0% used [0x0000000777f80000,0x0000000777f80000,0x0000000778a00000)
 ParOldGen       total 111104K, used 23571K [0x00000006c2600000, 0x00000006c9280000, 0x000000076b780000)
  object space 111104K, 21% used [0x00000006c2600000,0x00000006c3d04fd0,0x00000006c9280000)
 Metaspace       used 34757K, capacity 35252K, committed 35496K, reserved 1081344K
  class space    used 4339K, capacity 4483K, committed 4528K, reserved 1048576K
}
Event: 2.133 GC heap before
{Heap before GC invocations=5 (full 2):
 PSYoungGen      total 140800K, used 10743K [0x000000076b780000, 0x0000000778a00000, 0x00000007c0000000)
  eden space 130048K, 0% used [0x000000076b780000,0x000000076b780000,0x0000000773680000)
  from space 10752K, 99% used [0x0000000773680000,0x00000007740fdfb8,0x0000000774100000)
  to   space 10752K, 0% used [0x0000000777f80000,0x0000000777f80000,0x0000000778a00000)
 ParOldGen       total 111104K, used 23571K [0x00000006c2600000, 0x00000006c9280000, 0x000000076b780000)
  object space 111104K, 21% used [0x00000006c2600000,0x00000006c3d04fd0,0x00000006c9280000)
 Metaspace       used 34757K, capacity 35252K, committed 35496K, reserved 1081344K
  class space    used 4339K, capacity 4483K, committed 4528K, reserved 1048576K
Event: 2.169 GC heap after
Heap after GC invocations=5 (full 2):
 PSYoungGen      total 140800K, used 0K [0x000000076b780000, 0x0000000778a00000, 0x00000007c0000000)
  eden space 130048K, 0% used [0x000000076b780000,0x000000076b780000,0x0000000773680000)
  from space 10752K, 0% used [0x0000000773680000,0x0000000773680000,0x0000000774100000)
  to   space 10752K, 0% used [0x0000000777f80000,0x0000000777f80000,0x0000000778a00000)
 ParOldGen       total 196096K, used 29526K [0x00000006c2600000, 0x00000006ce580000, 0x000000076b780000)
  object space 196096K, 15% used [0x00000006c2600000,0x00000006c42d59c0,0x00000006ce580000)
 Metaspace       used 34757K, capacity 35252K, committed 35496K, reserved 1081344K
  class space    used 4339K, capacity 4483K, committed 4528K, reserved 1048576K
}
Event: 3.440 GC heap before
{Heap before GC invocations=6 (full 2):
 PSYoungGen      total 140800K, used 130048K [0x000000076b780000, 0x0000000778a00000, 0x00000007c0000000)
  eden space 130048K, 100% used [0x000000076b780000,0x0000000773680000,0x0000000773680000)
  from space 10752K, 0% used [0x0000000773680000,0x0000000773680000,0x0000000774100000)
  to   space 10752K, 0% used [0x0000000777f80000,0x0000000777f80000,0x0000000778a00000)
 ParOldGen       total 196096K, used 29526K [0x00000006c2600000, 0x00000006ce580000, 0x000000076b780000)
  object space 196096K, 15% used [0x00000006c2600000,0x00000006c42d59c0,0x00000006ce580000)
 Metaspace       used 46347K, capacity 47108K, committed 47528K, reserved 1091584K
  class space    used 5709K, capacity 5939K, committed 6064K, reserved 1048576K
Event: 3.454 GC heap after
Heap after GC invocations=6 (full 2):
 PSYoungGen      total 192512K, used 10741K [0x000000076b780000, 0x0000000778a00000, 0x00000007c0000000)
  eden space 181760K, 0% used [0x000000076b780000,0x000000076b780000,0x0000000776900000)
  from space 10752K, 99% used [0x0000000777f80000,0x00000007789fd538,0x0000000778a00000)
  to   space 10752K, 0% used [0x0000000777500000,0x0000000777500000,0x0000000777f80000)
 ParOldGen       total 196096K, used 45905K [0x00000006c2600000, 0x00000006ce580000, 0x000000076b780000)
  object space 196096K, 23% used [0x00000006c2600000,0x00000006c52d45c0,0x00000006ce580000)
 Metaspace       used 46347K, capacity 47108K, committed 47528K, reserved 1091584K
  class space    used 5709K, capacity 5939K, committed 6064K, reserved 1048576K
}
Event: 5.437 GC heap before
{Heap before GC invocations=7 (full 2):
 PSYoungGen      total 192512K, used 192501K [0x000000076b780000, 0x0000000778a00000, 0x00000007c0000000)
  eden space 181760K, 100% used [0x000000076b780000,0x0000000776900000,0x0000000776900000)
  from space 10752K, 99% used [0x0000000777f80000,0x00000007789fd538,0x0000000778a00000)
  to   space 10752K, 0% used [0x0000000777500000,0x0000000777500000,0x0000000777f80000)
 ParOldGen       total 196096K, used 45905K [0x00000006c2600000, 0x00000006ce580000, 0x000000076b780000)
  object space 196096K, 23% used [0x00000006c2600000,0x00000006c52d45c0,0x00000006ce580000)
 Metaspace       used 55555K, capacity 56644K, committed 56872K, reserved 1099776K
  class space    used 6805K, capacity 7117K, committed 7216K, reserved 1048576K
Event: 5.460 GC heap after
Heap after GC invocations=7 (full 2):
 PSYoungGen      total 204800K, used 10733K [0x000000076b780000, 0x0000000780600000, 0x00000007c0000000)
  eden space 194048K, 0% used [0x000000076b780000,0x000000076b780000,0x0000000777500000)
  from space 10752K, 99% used [0x0000000777500000,0x0000000777f7b7b8,0x0000000777f80000)
  to   space 46080K, 0% used [0x000000077d900000,0x000000077d900000,0x0000000780600000)
 ParOldGen       total 196096K, used 77440K [0x00000006c2600000, 0x00000006ce580000, 0x000000076b780000)
  object space 196096K, 39% used [0x00000006c2600000,0x00000006c71a0080,0x00000006ce580000)
 Metaspace       used 55555K, capacity 56644K, committed 56872K, reserved 1099776K
  class space    used 6805K, capacity 7117K, committed 7216K, reserved 1048576K
}

