# JRE version: OpenJDK Runtime Environment (8.0_242-b01) (build 1.8.0_242-release-1644-b01)
# Java VM: OpenJDK 64-Bit Server VM (25.242-b01 mixed mode windows-amd64 compressed oops)
Heap:
 PSYoungGen      total 225280K, used 187221K [0x000000076b780000, 0x000000077bd80000, 0x00000007c0000000)
  eden space 182272K, 91% used [0x000000076b780000,0x0000000775ae22f0,0x0000000776980000)
  from space 43008K, 46% used [0x0000000776980000,0x0000000777cf31d0,0x0000000779380000)
  to   space 35328K, 0% used [0x0000000779b00000,0x0000000779b00000,0x000000077bd80000)
 ParOldGen       total 200704K, used 70122K [0x00000006c2600000, 0x00000006cea00000, 0x000000076b780000)
  object space 200704K, 34% used [0x00000006c2600000,0x00000006c6a7a888,0x00000006cea00000)
 Metaspace       used 68799K, capacity 70212K, committed 70440K, reserved 1112064K
  class space    used 7824K, capacity 8199K, committed 8240K, reserved 1048576K
GC Heap History (10 events):
Event: 7.304 GC heap before
{Heap before GC invocations=10 (full 2):
 PSYoungGen      total 141312K, used 141285K [0x000000076b780000, 0x0000000779800000, 0x00000007c0000000)
  eden space 113152K, 100% used [0x000000076b780000,0x0000000772600000,0x0000000772600000)
  from space 28160K, 99% used [0x0000000772600000,0x00000007741796b0,0x0000000774180000)
  to   space 37376K, 0% used [0x0000000777380000,0x0000000777380000,0x0000000779800000)
 ParOldGen       total 200704K, used 48232K [0x00000006c2600000, 0x00000006cea00000, 0x000000076b780000)
  object space 200704K, 24% used [0x00000006c2600000,0x00000006c551a2d8,0x00000006cea00000)
 Metaspace       used 57554K, capacity 58714K, committed 58792K, reserved 1101824K
  class space    used 6972K, capacity 7296K, committed 7344K, reserved 1048576K
Event: 7.329 GC heap after
Heap after GC invocations=10 (full 2):
 PSYoungGen      total 183808K, used 37364K [0x000000076b780000, 0x000000077a800000, 0x00000007c0000000)
  eden space 146432K, 0% used [0x000000076b780000,0x000000076b780000,0x0000000774680000)
  from space 37376K, 99% used [0x0000000777380000,0x00000007797fd338,0x0000000779800000)
  to   space 46080K, 0% used [0x0000000774680000,0x0000000774680000,0x0000000777380000)
 ParOldGen       total 200704K, used 56657K [0x00000006c2600000, 0x00000006cea00000, 0x000000076b780000)
  object space 200704K, 28% used [0x00000006c2600000,0x00000006c5d54458,0x00000006cea00000)
 Metaspace       used 57554K, capacity 58714K, committed 58792K, reserved 1101824K
  class space    used 6972K, capacity 7296K, committed 7344K, reserved 1048576K
}
Event: 7.731 GC heap before
{Heap before GC invocations=11 (full 2):
 PSYoungGen      total 183808K, used 72031K [0x000000076b780000, 0x000000077a800000, 0x00000007c0000000)
  eden space 146432K, 23% used [0x000000076b780000,0x000000076d95a978,0x0000000774680000)
  from space 37376K, 99% used [0x0000000777380000,0x00000007797fd338,0x0000000779800000)
  to   space 46080K, 0% used [0x0000000774680000,0x0000000774680000,0x0000000777380000)
 ParOldGen       total 200704K, used 56657K [0x00000006c2600000, 0x00000006cea00000, 0x000000076b780000)
  object space 200704K, 28% used [0x00000006c2600000,0x00000006c5d54458,0x00000006cea00000)
 Metaspace       used 57979K, capacity 59076K, committed 59160K, reserved 1101824K
  class space    used 7004K, capacity 7329K, committed 7344K, reserved 1048576K
Event: 7.755 GC heap after
Heap after GC invocations=11 (full 2):
 PSYoungGen      total 192512K, used 22340K [0x000000076b780000, 0x000000077c600000, 0x00000007c0000000)
  eden space 146432K, 0% used [0x000000076b780000,0x000000076b780000,0x0000000774680000)
  from space 46080K, 48% used [0x0000000774680000,0x0000000775c510f0,0x0000000777380000)
  to   space 44032K, 0% used [0x0000000779b00000,0x0000000779b00000,0x000000077c600000)
 ParOldGen       total 200704K, used 76315K [0x00000006c2600000, 0x00000006cea00000, 0x000000076b780000)
  object space 200704K, 38% used [0x00000006c2600000,0x00000006c7086cb0,0x00000006cea00000)
 Metaspace       used 57979K, capacity 59076K, committed 59160K, reserved 1101824K
  class space    used 7004K, capacity 7329K, committed 7344K, reserved 1048576K
}
Event: 7.755 GC heap before
{Heap before GC invocations=12 (full 3):
 PSYoungGen      total 192512K, used 22340K [0x000000076b780000, 0x000000077c600000, 0x00000007c0000000)
  eden space 146432K, 0% used [0x000000076b780000,0x000000076b780000,0x0000000774680000)
  from space 46080K, 48% used [0x0000000774680000,0x0000000775c510f0,0x0000000777380000)
  to   space 44032K, 0% used [0x0000000779b00000,0x0000000779b00000,0x000000077c600000)
 ParOldGen       total 200704K, used 76315K [0x00000006c2600000, 0x00000006cea00000, 0x000000076b780000)
  object space 200704K, 38% used [0x00000006c2600000,0x00000006c7086cb0,0x00000006cea00000)
 Metaspace       used 57979K, capacity 59076K, committed 59160K, reserved 1101824K
  class space    used 7004K, capacity 7329K, committed 7344K, reserved 1048576K
Event: 7.945 GC heap after
Heap after GC invocations=12 (full 3):
 PSYoungGen      total 192512K, used 0K [0x000000076b780000, 0x000000077c600000, 0x00000007c0000000)
  eden space 146432K, 0% used [0x000000076b780000,0x000000076b780000,0x0000000774680000)
  from space 46080K, 0% used [0x0000000774680000,0x0000000774680000,0x0000000777380000)
  to   space 44032K, 0% used [0x0000000779b00000,0x0000000779b00000,0x000000077c600000)
 ParOldGen       total 200704K, used 70106K [0x00000006c2600000, 0x00000006cea00000, 0x000000076b780000)
  object space 200704K, 34% used [0x00000006c2600000,0x00000006c6a76888,0x00000006cea00000)
 Metaspace       used 57979K, capacity 59076K, committed 59160K, reserved 1101824K
  class space    used 7004K, capacity 7329K, committed 7344K, reserved 1048576K
}
Event: 9.888 GC heap before
{Heap before GC invocations=13 (full 3):
 PSYoungGen      total 192512K, used 146432K [0x000000076b780000, 0x000000077c600000, 0x00000007c0000000)
  eden space 146432K, 100% used [0x000000076b780000,0x0000000774680000,0x0000000774680000)
  from space 46080K, 0% used [0x0000000774680000,0x0000000774680000,0x0000000777380000)
  to   space 44032K, 0% used [0x0000000779b00000,0x0000000779b00000,0x000000077c600000)
 ParOldGen       total 200704K, used 70106K [0x00000006c2600000, 0x00000006cea00000, 0x000000076b780000)
  object space 200704K, 34% used [0x00000006c2600000,0x00000006c6a76888,0x00000006cea00000)
 Metaspace       used 61689K, capacity 62868K, committed 63016K, reserved 1103872K
  class space    used 7299K, capacity 7615K, committed 7728K, reserved 1048576K
Event: 9.897 GC heap after
Heap after GC invocations=13 (full 3):
 PSYoungGen      total 217600K, used 17613K [0x000000076b780000, 0x000000077bd80000, 0x00000007c0000000)
  eden space 182272K, 0% used [0x000000076b780000,0x000000076b780000,0x0000000776980000)
  from space 35328K, 49% used [0x0000000779b00000,0x000000077ac33748,0x000000077bd80000)
  to   space 43008K, 0% used [0x0000000776980000,0x0000000776980000,0x0000000779380000)
 ParOldGen       total 200704K, used 70114K [0x00000006c2600000, 0x00000006cea00000, 0x000000076b780000)
  object space 200704K, 34% used [0x00000006c2600000,0x00000006c6a78888,0x00000006cea00000)
 Metaspace       used 61689K, capacity 62868K, committed 63016K, reserved 1103872K
  class space    used 7299K, capacity 7615K, committed 7728K, reserved 1048576K
}
Event: 10.796 GC heap before
{Heap before GC invocations=14 (full 3):
 PSYoungGen      total 217600K, used 199885K [0x000000076b780000, 0x000000077bd80000, 0x00000007c0000000)
  eden space 182272K, 100% used [0x000000076b780000,0x0000000776980000,0x0000000776980000)
  from space 35328K, 49% used [0x0000000779b00000,0x000000077ac33748,0x000000077bd80000)
  to   space 43008K, 0% used [0x0000000776980000,0x0000000776980000,0x0000000779380000)
 ParOldGen       total 200704K, used 70114K [0x00000006c2600000, 0x00000006cea00000, 0x000000076b780000)
  object space 200704K, 34% used [0x00000006c2600000,0x00000006c6a78888,0x00000006cea00000)
 Metaspace       used 67182K, capacity 68544K, committed 68776K, reserved 1110016K
  class space    used 7731K, capacity 8057K, committed 8112K, reserved 1048576K
Event: 10.804 GC heap after
Heap after GC invocations=14 (full 3):
 PSYoungGen      total 225280K, used 19916K [0x000000076b780000, 0x000000077bd80000, 0x00000007c0000000)
  eden space 182272K, 0% used [0x000000076b780000,0x000000076b780000,0x0000000776980000)
  from space 43008K, 46% used [0x0000000776980000,0x0000000777cf31d0,0x0000000779380000)
  to   space 35328K, 0% used [0x0000000779b00000,0x0000000779b00000,0x000000077bd80000)
 ParOldGen       total 200704K, used 70122K [0x00000006c2600000, 0x00000006cea00000, 0x000000076b780000)
  object space 200704K, 34% used [0x00000006c2600000,0x00000006c6a7a888,0x00000006cea00000)
 Metaspace       used 67182K, capacity 68544K, committed 68776K, reserved 1110016K
  class space    used 7731K, capacity 8057K, committed 8112K, reserved 1048576K
}

